0 info it worked if it ends with ok
1 verbose cli [ '/usr/bin/node', '/usr/bin/npm', 'run', 'deploy' ]
2 info using npm@3.5.2
3 info using node@v8.10.0
4 verbose run-script [ 'predeploy', 'deploy', 'postdeploy' ]
5 info lifecycle tea-kingdom@0.1.0~predeploy: tea-kingdom@0.1.0
6 silly lifecycle tea-kingdom@0.1.0~predeploy: no script for predeploy, continuing
7 info lifecycle tea-kingdom@0.1.0~deploy: tea-kingdom@0.1.0
8 verbose lifecycle tea-kingdom@0.1.0~deploy: unsafe-perm in lifecycle true
9 verbose lifecycle tea-kingdom@0.1.0~deploy: PATH: /usr/share/npm/bin/node-gyp-bin:/mnt/d/tea-kingdom/node_modules/.bin:/usr/local/sbin:/usr/local/bin:/usr/sbin:/usr/bin:/sbin:/bin:/usr/games:/usr/local/games:/mnt/c/Program Files (x86)/Common Files/Oracle/Java/javapath_target_743932109:/mnt/c/Windows/System32:/mnt/c/Windows:/mnt/c/Windows/System32/wbem:/mnt/c/Windows/System32/WindowsPowerShell/v1.0:/mnt/c/Windows/System32/OpenSSH:/mnt/c/Program Files (x86)/NVIDIA Corporation/PhysX/Common:/mnt/c/Program Files/Microsoft VS Code/bin:/mnt/c/Program Files/Git/cmd:/mnt/c/Users/pom_1/AppData/Local/Programs/Python/Python37/Scripts:/mnt/c/Users/pom_1/AppData/Local/Programs/Python/Python37:/mnt/c/Users/pom_1/AppData/Local/Microsoft/WindowsApps:/snap/bin
10 verbose lifecycle tea-kingdom@0.1.0~deploy: CWD: /mnt/d/tea-kingdom
11 silly lifecycle tea-kingdom@0.1.0~deploy: Args: [ '-c', 'sh deploy.sh' ]
12 silly lifecycle tea-kingdom@0.1.0~deploy: Returned: code: 1  signal: null
13 info lifecycle tea-kingdom@0.1.0~deploy: Failed to exec deploy script
14 verbose stack Error: tea-kingdom@0.1.0 deploy: `sh deploy.sh`
14 verbose stack Exit status 1
14 verbose stack     at EventEmitter.<anonymous> (/usr/share/npm/lib/utils/lifecycle.js:232:16)
14 verbose stack     at emitTwo (events.js:126:13)
14 verbose stack     at EventEmitter.emit (events.js:214:7)
14 verbose stack     at ChildProcess.<anonymous> (/usr/share/npm/lib/utils/spawn.js:24:14)
14 verbose stack     at emitTwo (events.js:126:13)
14 verbose stack     at ChildProcess.emit (events.js:214:7)
14 verbose stack     at maybeClose (internal/child_process.js:925:16)
14 verbose stack     at Process.ChildProcess._handle.onexit (internal/child_process.js:209:5)
15 verbose pkgid tea-kingdom@0.1.0
16 verbose cwd /mnt/d/tea-kingdom
17 error Linux 4.4.0-17134-Microsoft
18 error argv "/usr/bin/node" "/usr/bin/npm" "run" "deploy"
19 error node v8.10.0
20 error npm  v3.5.2
21 error code ELIFECYCLE
22 error tea-kingdom@0.1.0 deploy: `sh deploy.sh`
22 error Exit status 1
23 error Failed at the tea-kingdom@0.1.0 deploy script 'sh deploy.sh'.
23 error Make sure you have the latest version of node.js and npm installed.
23 error If you do, this is most likely a problem with the tea-kingdom package,
23 error not with npm itself.
23 error Tell the author that this fails on your system:
23 error     sh deploy.sh
23 error You can get information on how to open an issue for this project with:
23 error     npm bugs tea-kingdom
23 error Or if that isn't available, you can get their info via:
23 error     npm owner ls tea-kingdom
23 error There is likely additional logging output above.
24 verbose exit [ 1, true ]
